<?xml version="1.0" encoding="UTF-8"?>
<!-- Generated by org.testng.reporters.JUnitReportReporter -->
<testsuite hostname="DESKTOP-0JP8JMP" failures="0" tests="2" name="joshuaacademy.tests.SubmitOrderTest" time="28.606" errors="0" timestamp="2025-06-21T22:43:53 PST" skipped="0">
  <testcase classname="joshuaacademy.tests.SubmitOrderTest" name="submitOrder" time="12.948"/>
  <testcase classname="joshuaacademy.tests.SubmitOrderTest" name="OrderHistoryTest" time="15.658"/>
</testsuite> <!-- joshuaacademy.tests.SubmitOrderTest -->
