<?xml version="1.0" encoding="UTF-8"?>
<!-- Generated by org.testng.reporters.JUnitReportReporter -->
<testsuite hostname="DESKTOP-0JP8JMP" failures="0" tests="2" name="joshuaacademy.tests.SubmitOrderTest" time="20.986" errors="0" timestamp="2025-06-21T23:02:29 PST" skipped="0">
  <testcase classname="joshuaacademy.tests.SubmitOrderTest" name="OrderHistoryTest" time="9.402"/>
  <testcase classname="joshuaacademy.tests.SubmitOrderTest" name="submitOrder" time="11.584"/>
</testsuite> <!-- joshuaacademy.tests.SubmitOrderTest -->
