<?xml version="1.0" encoding="UTF-8"?>
<!-- Generated by org.testng.reporters.JUnitReportReporter -->
<testsuite hostname="DESKTOP-0JP8JMP" failures="0" tests="2" name="joshuaacademy.tests.SubmitOrderTest" time="30.637" errors="0" timestamp="2025-06-07T00:48:36 PST" skipped="0">
  <testcase classname="joshuaacademy.tests.SubmitOrderTest" name="submitOrder" time="12.869"/>
  <testcase classname="joshuaacademy.tests.SubmitOrderTest" name="OrderHistoryTest" time="17.768"/>
</testsuite> <!-- joshuaacademy.tests.SubmitOrderTest -->
